2023-09-05 15:42:37,000 =============================================================
2023-09-05 15:42:37,000 =============================================================
2023-09-05 15:42:37,000 Today is 2023-09-05 at 03:42 PM
2023-09-05 15:42:37,027 This file is running on: nt Windows 10
2023-09-05 15:42:37,027 The Python version is: 3.11.4
2023-09-05 15:42:37,027 The active conda environment is:  None
2023-09-05 15:42:37,027 The active pip environment is:    None
2023-09-05 15:42:37,027 The active environment path is:   C:\Users\ksu09\AppData\Local\Programs\Python\Python311
2023-09-05 15:42:37,027 The current working directory is: C:\Users\ksu09\Intro to Python\datafun-03-datatypes
2023-09-05 15:42:37,027 This source file is in:           C:\Users\ksu09\Intro to Python\datafun-03-datatypes
2023-09-05 15:42:37,028 =============================================================
2023-09-05 15:42:37,028 =============================================================
2023-09-05 15:42:37,028 Replace this with calls to your functions.
2023-09-05 15:42:37,029 For list1:
2023-09-05 15:42:37,029 Mean: 45.38461538461539
2023-09-05 15:42:37,029 Median: 13.5
2023-09-05 15:42:37,030 Mode: 1
2023-09-05 15:42:37,030 
For listx:
2023-09-05 15:42:37,030 Mean: 4.5
2023-09-05 15:42:37,030 Median: 4.5
2023-09-05 15:42:37,030 
For listy:
2023-09-05 15:42:37,030 Mean: 555.3
2023-09-05 15:42:37,030 Median: 552.5
2023-09-05 15:42:37,030 For list1:
2023-09-05 15:42:37,030 Standard Deviation: 52.690854556043725
2023-09-05 15:42:37,030 Variance: 2776.326153846154
2023-09-05 15:42:37,030 
For listx:
2023-09-05 15:42:37,030 Standard Deviation: 3.0276503540974917
2023-09-05 15:42:37,030 Variance: 9.166666666666666
2023-09-05 15:42:37,030 
For listy:
2023-09-05 15:42:37,030 Standard Deviation: 308.5248234205259
2023-09-05 15:42:37,030 Variance: 95187.56666666667
2023-09-05 15:42:37,031 Correlation between listx and listy: 0.9999467561933848
2023-09-05 15:42:37,031 Predicted y-value at future time 15: 58.5
2023-09-05 15:42:37,031 
The following values are for list 1
2023-09-05 15:42:37,031 Minimum value: 1
2023-09-05 15:42:37,031 Maximum value: 201
2023-09-05 15:42:37,031 Length of the list: 26
2023-09-05 15:42:37,031 Sum of values: 1180
2023-09-05 15:42:37,031 Average (Mean): 45.38461538461539
2023-09-05 15:42:37,031 Set of unique values: {1, 2, 3, 4, 5, 6, 7, 8, 9, 10, 11, 12, 13, 14, 151, 50, 51, 52, 53, 54, 55, 201, 88, 98, 101, 121}
2023-09-05 15:42:37,031 Sorted list (ascending): [1, 2, 3, 4, 5, 6, 7, 8, 9, 10, 11, 12, 13, 14, 50, 51, 52, 53, 54, 55, 88, 98, 101, 121, 151, 201]
2023-09-05 15:42:37,031 Sorted list (descending): [201, 151, 121, 101, 98, 88, 55, 54, 53, 52, 51, 50, 14, 13, 12, 11, 10, 9, 8, 7, 6, 5, 4, 3, 2, 1]
2023-09-05 15:42:37,031 
The following values are for list x
2023-09-05 15:42:37,031 Minimum value: 0
2023-09-05 15:42:37,031 Maximum value: 9
2023-09-05 15:42:37,031 Length of the list: 10
2023-09-05 15:42:37,031 Sum of values: 45
2023-09-05 15:42:37,031 Average (Mean): 4.5
2023-09-05 15:42:37,031 Set of unique values: {0, 1, 2, 3, 4, 5, 6, 7, 8, 9}
2023-09-05 15:42:37,031 Sorted list (ascending): [0, 1, 2, 3, 4, 5, 6, 7, 8, 9]
2023-09-05 15:42:37,032 Sorted list (descending): [9, 8, 7, 6, 5, 4, 3, 2, 1, 0]
2023-09-05 15:42:37,032 
The following values are for list y
2023-09-05 15:42:37,032 Minimum value: 100
2023-09-05 15:42:37,032 Maximum value: 1017
2023-09-05 15:42:37,032 Length of the list: 10
2023-09-05 15:42:37,032 Sum of values: 5553
2023-09-05 15:42:37,032 Average (Mean): 555.3
2023-09-05 15:42:37,032 Set of unique values: {100, 200, 811, 301, 402, 915, 500, 1017, 605, 702}
2023-09-05 15:42:37,032 Sorted list (ascending): [100, 200, 301, 402, 500, 605, 702, 811, 915, 1017]
2023-09-05 15:42:37,032 Sorted list (descending): [1017, 915, 811, 702, 605, 500, 402, 301, 200, 100]
