2023-09-06 20:32:26,072 =============================================================
2023-09-06 20:32:26,072 =============================================================
2023-09-06 20:32:26,072 Today is 2023-09-06 at 08:32 PM
2023-09-06 20:32:26,094 This file is running on: nt Windows 10
2023-09-06 20:32:26,094 The Python version is: 3.11.4
2023-09-06 20:32:26,094 The active conda environment is:  None
2023-09-06 20:32:26,094 The active pip environment is:    None
2023-09-06 20:32:26,094 The active environment path is:   C:\Users\ksu09\AppData\Local\Programs\Python\Python311
2023-09-06 20:32:26,094 The current working directory is: C:\Users\ksu09\Intro to Python\datafun-03-datatypes
2023-09-06 20:32:26,094 This source file is in:           c:\Users\ksu09\Intro to Python\datafun-03-datatypes
2023-09-06 20:32:26,094 =============================================================
2023-09-06 20:32:26,094 =============================================================
2023-09-06 20:32:26,094 Calling functions from main block
2023-09-06 20:32:26,094 set1 = (1, 2, 3, 4, 5)
2023-09-06 20:32:26,094 set2 = (3, 4, 5, 6, 7)
2023-09-06 20:32:26,094 set1 = (1, 2, 3, 4, 5)
2023-09-06 20:32:26,094 set2 = (3, 4, 5, 6, 7)
2023-09-06 20:32:26,095 tupleCat = (1, 2, 3, 4, 5, 3, 4, 5, 6, 7)
2023-09-06 20:32:26,095 tupleAThrice = (1, 2, 3, 4, 5, 1, 2, 3, 4, 5, 1, 2, 3, 4, 5)
2023-09-06 20:32:26,095 Quotient: 3, Remainder: 1
2023-09-06 20:32:26,095 setA = {1, 2, 3, 4, 5}
2023-09-06 20:32:26,095 setB = {3, 4, 5, 6, 7}
2023-09-06 20:32:26,095 dogA_dict = {'name': 'Rex', 'age': 2, 'weight_kg': 13.4}
2023-09-06 20:32:26,095 dogB_dict = {'name': 'Fido', 'age': 3, 'weight_kg': 15.2}
2023-09-06 20:32:26,095 assessment_dict = {'low': 0, 'medium': 1, 'high': 2}
2023-09-06 20:32:26,095 data_dict = {'name': ['Alice', 'Bob', 'Charlie', 'David'], 'age': [25, 30, 35, 40], 'income': [50000, 60000, 70000, 80000]}
2023-09-06 20:32:26,095 Word count is a good way to begin processing text.
2023-09-06 20:32:26,095 Given text_simple.txt, the word_counts_dict = {'One': 1, 'fish': 3, 'two': 1, 'red': 1, 'blue': 1, 'fish.': 1}
2023-09-06 20:32:26,095 {word}: {count}
2023-09-06 20:32:26,095 {word}: {count}
2023-09-06 20:32:26,095 {word}: {count}
2023-09-06 20:32:26,095 Given text_simple.txt and comprehensions,
2023-09-06 20:32:26,096 the the word_counts_dict2 = {'One': 1, 'fish': 3, 'two': 1, 'red': 1, 'blue': 1, 'fish.': 1}
2023-09-06 20:32:26,096 Add more logging statements to the code to see what happens.
2023-09-06 20:32:26,096 Explore enough to understand.
2023-09-06 20:32:26,096 Apply these skills to your own topic domain.
